<?xml version="1.0" encoding="UTF-8"?>
<!-- Generated by org.testng.reporters.JUnitReportReporter -->
<testsuite hostname="Priyanka" failures="0" tests="1" name="products.createProducts" time="32.170" errors="0" timestamp="2023-05-22T12:45:10 IST" skipped="0">
  <testcase classname="products.createProducts" name="CreateProductTest" time="32.170"/>
  <system-out/>
</testsuite> <!-- products.createProducts -->
