<?xml version="1.0" encoding="UTF-8"?>
<!-- Generated by org.testng.reporters.JUnitReportReporter -->
<testsuite hostname="Priyanka" failures="0" tests="1" name="campaign.createcampaign" time="23.050" errors="0" timestamp="2023-05-22T12:58:59 IST" skipped="0">
  <testcase classname="campaign.createcampaign" name="CreateCampaignTest" time="23.050"/>
  <system-out/>
</testsuite> <!-- campaign.createcampaign -->
