<?xml version="1.0" encoding="UTF-8"?>
<!-- Generated by org.testng.reporters.JUnitReportReporter -->
<testsuite hostname="Priyanka" failures="0" tests="1" name="organization.createorganization" time="25.074" errors="0" timestamp="2023-05-22T12:58:59 IST" skipped="0">
  <testcase classname="organization.createorganization" name="createOrganizationTest" time="25.074"/>
  <system-out/>
</testsuite> <!-- organization.createorganization -->
